<?xml version="1.0" encoding="UTF-8"?>
<!-- Generated by org.testng.reporters.JUnitXMLReporter -->
<testsuite hostname="admin-PC" ignored="0" name="Test" tests="1" failures="1" timestamp="06 Apr 2019 13:03:57 GMT" time="35.556" errors="0">
  <testcase name="f1" time="35.484" classname="Package1.GmailLogin">
    <failure type="org.openqa.selenium.WebDriverException" message="Failed to interpret value as array
Build info: version: &amp;apos;3.4.0&amp;apos;, revision: &amp;apos;unknown&amp;apos;, time: &amp;apos;unknown&amp;apos;
System info: host: &amp;apos;ADMIN-PC&amp;apos;, ip: &amp;apos;192.168.43.71&amp;apos;, os.name: &amp;apos;Windows 7&amp;apos;, os.arch: &amp;apos;amd64&amp;apos;, os.version: &amp;apos;6.1&amp;apos;, java.version: &amp;apos;1.8.0_152&amp;apos;
Driver info: org.openqa.selenium.firefox.FirefoxDriver
Capabilities [{rotatable=false, raisesAccessibilityExceptions=false, appBuildId=20170118123726, version=51.0, platform=XP, proxy=Proxy(), command_id=1.0, specificationLevel=0.0, acceptSslCerts=false, processId=2532.0, browserVersion=51.0, platformVersion=6.1, XULappId={ec8030f7-c20a-464f-9b0e-13a3a9e97384}, browserName=firefox, takesScreenshot=true, takesElementScreenshot=true, javascriptEnabled=true, platformName=windows_nt}]
Session ID: dd0f501a-0876-486d-8d90-57c0c4c1833f">
      <![CDATA[org.openqa.selenium.WebDriverException: Failed to interpret value as arrayBuild info: version: '3.4.0', revision: 'unknown', time: 'unknown'System info: host: 'ADMIN-PC', ip: '192.168.43.71', os.name: 'Windows 7', os.arch: 'amd64', os.version: '6.1', java.version: '1.8.0_152'Driver info: org.openqa.selenium.firefox.FirefoxDriverCapabilities [{rotatable=false, raisesAccessibilityExceptions=false, appBuildId=20170118123726, version=51.0, platform=XP, proxy=Proxy(), command_id=1.0, specificationLevel=0.0, acceptSslCerts=false, processId=2532.0, browserVersion=51.0, platformVersion=6.1, XULappId={ec8030f7-c20a-464f-9b0e-13a3a9e97384}, browserName=firefox, takesScreenshot=true, takesElementScreenshot=true, javascriptEnabled=true, platformName=windows_nt}]Session ID: dd0f501a-0876-486d-8d90-57c0c4c1833fat org.openqa.selenium.remote.http.W3CHttpResponseCodec.createException(W3CHttpResponseCodec.java:150)at org.openqa.selenium.remote.http.W3CHttpResponseCodec.decode(W3CHttpResponseCodec.java:115)at org.openqa.selenium.remote.http.W3CHttpResponseCodec.decode(W3CHttpResponseCodec.java:45)at org.openqa.selenium.remote.HttpCommandExecutor.execute(HttpCommandExecutor.java:164)at org.openqa.selenium.remote.service.DriverCommandExecutor.execute(DriverCommandExecutor.java:82)at org.openqa.selenium.remote.RemoteWebDriver.execute(RemoteWebDriver.java:637)at org.openqa.selenium.remote.RemoteWebDriver.execute(RemoteWebDriver.java:694)at org.openqa.selenium.remote.RemoteWebDriver.close(RemoteWebDriver.java:523)at Package1.GmailLogin.f1(GmailLogin.java:24)... Removed 29 stack frames]]>
    </failure>
  </testcase> <!-- f1 -->
</testsuite> <!-- Test -->
