<?xml version="1.0" encoding="UTF-8"?>
<testsuite xmlns:xsi="http://www.w3.org/2001/XMLSchema-instance" xsi:schemaLocation="https://maven.apache.org/surefire/maven-surefire-plugin/xsd/surefire-test-report.xsd" name="TestSuite" time="42.633" tests="1" errors="0" skipped="0" failures="1">
  <properties>
[...]
</properties>
  <testcase name="f1" classname="Package1.GmailLogin" time="39.548">
    <failure message="Failed to interpret value as array&#10;Build info: version: &apos;3.4.0&apos;, revision: &apos;unknown&apos;, time: &apos;unknown&apos;&#10;System info: host: &apos;ADMIN-PC&apos;, ip: &apos;192.168.43.71&apos;, os.name: &apos;Windows 7&apos;, os.arch: &apos;amd64&apos;, os.version: &apos;6.1&apos;, java.version: &apos;1.8.0_201&apos;&#10;Driver info: org.openqa.selenium.firefox.FirefoxDriver&#10;Capabilities [{rotatable=false, raisesAccessibilityExceptions=false, appBuildId=20170118123726, version=51.0, platform=XP, proxy=Proxy(), command_id=1.0, specificationLevel=0.0, acceptSslCerts=false, processId=6836.0, browserVersion=51.0, platformVersion=6.1, XULappId={ec8030f7-c20a-464f-9b0e-13a3a9e97384}, browserName=firefox, takesScreenshot=true, takesElementScreenshot=true, javascriptEnabled=true, platformName=windows_nt}]&#10;Session ID: 673055e0-48d9-49af-8cbd-1e664b89c556" type="org.openqa.selenium.WebDriverException">org.openqa.selenium.WebDriverException: 
Failed to interpret value as array
Build info: version: '3.4.0', revision: 'unknown', time: 'unknown'
System info: host: 'ADMIN-PC', ip: '192.168.43.71', os.name: 'Windows 7', os.arch: 'amd64', os.version: '6.1', java.version: '1.8.0_201'
Driver info: org.openqa.selenium.firefox.FirefoxDriver
Capabilities [{rotatable=false, raisesAccessibilityExceptions=false, appBuildId=20170118123726, version=51.0, platform=XP, proxy=Proxy(), command_id=1.0, specificationLevel=0.0, acceptSslCerts=false, processId=6836.0, browserVersion=51.0, platformVersion=6.1, XULappId={ec8030f7-c20a-464f-9b0e-13a3a9e97384}, browserName=firefox, takesScreenshot=true, takesElementScreenshot=true, javascriptEnabled=true, platformName=windows_nt}]
Session ID: 673055e0-48d9-49af-8cbd-1e664b89c556
	at Package1.GmailLogin.f1(GmailLogin.java:24)
</failure>
    <system-err><![CDATA[1554557043359	geckodriver	INFO	geckodriver 0.18.0
1554557043387	geckodriver	INFO	Listening on 127.0.0.1:22549
1554557044795	geckodriver::marionette	INFO	Starting browser C:\Program Files\Mozilla Firefox\firefox.exe with args ["-marionette"]
1554557046422	addons.xpi	WARN	Add-on activity-stream@mozilla.org is not compatible with application version.
1554557046439	addons.xpi	WARN	Add-on activity-stream@mozilla.org is not compatible with application version.
1554557046707	addons.xpi	WARN	Error loading bootstrap.js for activity-stream@mozilla.org: SyntaxError: invalid arrow-function arguments (parentheses around the arrow-function may help) (resource://gre/modules/addons/XPIProvider.jsm -> jar:file:///C:/Program%20Files/Mozilla%20Firefox/browser/features/activity-stream@mozilla.org.xpi!/bootstrap.js:33:27) JS Stack trace: @XPIProvider.jsm:4796:1 < this.XPIProvider.loadBootstrapScope@XPIProvider.jsm:4796:7 < this.XPIProvider.callBootstrapMethod@XPIProvider.jsm:4875:9 < processFileChanges@XPIProviderUtils.js:2130:13 < this.XPIProvider.checkForChanges@XPIProvider.jsm:3827:34 < this.XPIProvider.startup@XPIProvider.jsm:2813:25 < callProvider@AddonManager.jsm:235:12 < _startProvider@AddonManager.jsm:788:5 < AddonManagerInternal.startup@AddonManager.jsm:972:9 < this.AddonManagerPrivate.startup@AddonManager.jsm:3016:5 < amManager.prototype.observe@addonManager.js:71:9
1554557046712	addons.xpi	WARN	Add-on activity-stream@mozilla.org is missing bootstrap method install
1554557050640	Marionette	INFO	Listening on port 50316
Apr 06, 2019 6:54:16 PM org.openqa.selenium.remote.ProtocolHandshake createSession
INFO: Detected dialect: W3C
]]></system-err>
  </testcase>
</testsuite>